error: column "description" does not exist
    at C:\Users\HBLinks\Desktop\backend\node_modules\pg-pool\index.js:45:11
    at process.processTicksAndRejections (node:internal/process/task_queues:104:5)
    at async getProducts (C:\Users\HBLinks\Desktop\backend\controllers\productController.js:29:20) {
  length: 111,
  severity: 'ERROR',
  code: '42703',
  detail: undefined,
  hint: undefined,
  position: '25',
  internalPosition: undefined,
  internalQuery: undefined,
  where: undefined,
  schema: undefined,
  table: undefined,
  column: undefined,
  dataType: undefined,
  constraint: undefined,
  file: 'parse_relation.c',
  line: '3827',
  routine: 'errorMissingColumn'
}
error: column "description" does not exist
    at C:\Users\HBLinks\Desktop\backend\node_modules\pg-pool\index.js:45:11
    at process.processTicksAndRejections (node:internal/process/task_queues:104:5)
    at async getProducts (C:\Users\HBLinks\Desktop\backend\controllers\productController.js:29:20) {
  length: 111,
  severity: 'ERROR',
  code: '42703',
  detail: undefined,
  hint: undefined,
  position: '25',
  internalPosition: undefined,
  internalQuery: undefined,
  where: undefined,
  schema: undefined,
  table: undefined,
  column: undefined,
  dataType: undefined,
  constraint: undefined,
  file: 'parse_relation.c',
  line: '3827',
  routine: 'errorMissingColumn'
}
error: column "description" does not exist
    at C:\Users\HBLinks\Desktop\backend\node_modules\pg-pool\index.js:45:11
    at process.processTicksAndRejections (node:internal/process/task_queues:104:5)
    at async getProducts (C:\Users\HBLinks\Desktop\backend\controllers\productController.js:29:20) {
  length: 111,
  severity: 'ERROR',
  code: '42703',
  detail: undefined,
  hint: undefined,
  position: '25',
  internalPosition: undefined,
  internalQuery: undefined,
  where: undefined,
  schema: undefined,
  table: undefined,
  column: undefined,
  dataType: undefined,
  constraint: undefined,
  file: 'parse_relation.c',
  line: '3827',
  routine: 'errorMissingColumn'
}
error: column "description" does not exist
    at C:\Users\HBLinks\Desktop\backend\node_modules\pg-pool\index.js:45:11
    at process.processTicksAndRejections (node:internal/process/task_queues:104:5)
    at async getProducts (C:\Users\HBLinks\Desktop\backend\controllers\productController.js:29:20) {
  length: 111,
  severity: 'ERROR',
  code: '42703',
  detail: undefined,
  hint: undefined,
  position: '25',
  internalPosition: undefined,
  internalQuery: undefined,
  where: undefined,
  schema: undefined,
  table: undefined,
  column: undefined,
  dataType: undefined,
  constraint: undefined,
  file: 'parse_relation.c',
  line: '3827',
  routine: 'errorMissingColumn'
}
error: column "description" does not exist
    at C:\Users\HBLinks\Desktop\backend\node_modules\pg-pool\index.js:45:11
    at process.processTicksAndRejections (node:internal/process/task_queues:104:5)
    at async getProducts (C:\Users\HBLinks\Desktop\backend\controllers\productController.js:29:20) {
  length: 111,
  severity: 'ERROR',
  code: '42703',
  detail: undefined,
  hint: undefined,
  position: '25',
  internalPosition: undefined,
  internalQuery: undefined,
  where: undefined,
  schema: undefined,
  table: undefined,
  column: undefined,
  dataType: undefined,
  constraint: undefined,
  file: 'parse_relation.c',
  line: '3827',
  routine: 'errorMissingColumn'
}
